[0221/133606.912:WARNING:angle_platform_impl.cc(48)] HLSLCompiler.cpp:257 (compileToBinary): 
C:\fakepath(102,1-6): warning X4000: use of potentially uninitialized variable (dyn_index_vec4_float4)

[0221/133607.090:WARNING:angle_platform_impl.cc(48)] HLSLCompiler.cpp:257 (compileToBinary): 
C:\fakepath(135,1): warning X4000: use of potentially uninitialized variable (f_i)
C:\fakepath(137,1): warning X4000: use of potentially uninitialized variable (f_i)
C:\fakepath(173,1): warning X4000: use of potentially uninitialized variable (f_u)

[0221/133607.372:WARNING:angle_platform_impl.cc(48)] HLSLCompiler.cpp:257 (compileToBinary): 
C:\fakepath(165,1): warning X4000: use of potentially uninitialized variable (f_renderMipMapLevel)

[0221/133607.685:ERROR:gl_utils.cc(314)] [.WebGL-0000015B1C4D8980] GL_INVALID_OPERATION: Two textures of different types use the same sampler location.
[0221/133607.685:ERROR:gl_utils.cc(314)] [.WebGL-0000015B1C4D8980] GL_INVALID_OPERATION: Two textures of different types use the same sampler location.
[0221/133607.685:ERROR:gl_utils.cc(314)] [.WebGL-0000015B1C4D8980] GL_INVALID_OPERATION: Two textures of different types use the same sampler location.
[0221/133607.685:ERROR:gl_utils.cc(314)] [.WebGL-0000015B1C4D8980] GL_INVALID_OPERATION: Two textures of different types use the same sampler location.
[0221/133607.685:ERROR:gl_utils.cc(314)] [.WebGL-0000015B1C4D8980] GL_INVALID_OPERATION: Two textures of different types use the same sampler location.
[0221/133607.685:ERROR:gl_utils.cc(314)] [.WebGL-0000015B1C4D8980] GL_INVALID_OPERATION: Two textures of different types use the same sampler location.
[0221/133607.685:ERROR:gl_utils.cc(314)] [.WebGL-0000015B1C4D8980] GL_INVALID_OPERATION: Two textures of different types use the same sampler location.
[0221/133608.458:ERROR:gl_utils.cc(314)] [.WebGL-0000015B1C4D8980] GL_INVALID_OPERATION: Two textures of different types use the same sampler location.
[0221/133608.458:ERROR:gl_utils.cc(314)] [.WebGL-0000015B1C4D8980] GL_INVALID_OPERATION: Two textures of different types use the same sampler location.
[0221/133608.458:ERROR:gl_utils.cc(314)] [.WebGL-0000015B1C4D8980] GL_INVALID_OPERATION: Two textures of different types use the same sampler location.
[0221/133608.458:ERROR:gl_utils.cc(314)] [.WebGL-0000015B1C4D8980] GL_INVALID_OPERATION: Two textures of different types use the same sampler location.
[0221/133608.458:ERROR:gl_utils.cc(314)] [.WebGL-0000015B1C4D8980] GL_INVALID_OPERATION: Two textures of different types use the same sampler location.
[0221/133608.459:ERROR:gl_utils.cc(314)] [.WebGL-0000015B1C4D8980] GL_INVALID_OPERATION: Two textures of different types use the same sampler location.
[0221/133608.459:ERROR:gl_utils.cc(314)] [.WebGL-0000015B1C4D8980] GL_INVALID_OPERATION: Two textures of different types use the same sampler location.
[0221/133732.502:ERROR:gpu_init.cc(426)] Passthrough is not supported, GL is disabled
[0221/134157.475:WARNING:angle_platform_impl.cc(48)] HLSLCompiler.cpp:257 (compileToBinary): 
C:\fakepath(102,1-6): warning X4000: use of potentially uninitialized variable (dyn_index_vec4_float4)

[0221/134157.620:WARNING:angle_platform_impl.cc(48)] HLSLCompiler.cpp:257 (compileToBinary): 
C:\fakepath(135,1): warning X4000: use of potentially uninitialized variable (f_i)
C:\fakepath(137,1): warning X4000: use of potentially uninitialized variable (f_i)
C:\fakepath(173,1): warning X4000: use of potentially uninitialized variable (f_u)

[0221/134158.122:WARNING:angle_platform_impl.cc(48)] HLSLCompiler.cpp:257 (compileToBinary): 
C:\fakepath(165,1): warning X4000: use of potentially uninitialized variable (f_renderMipMapLevel)

[0221/134158.126:WARNING:angle_platform_impl.cc(48)] HLSLCompiler.cpp:257 (compileToBinary): 
C:\fakepath(165,1): warning X4000: use of potentially uninitialized variable (f_renderMipMapLevel)

[0221/134158.133:WARNING:angle_platform_impl.cc(48)] HLSLCompiler.cpp:257 (compileToBinary): 
C:\fakepath(165,1): warning X4000: use of potentially uninitialized variable (f_renderMipMapLevel)

[0221/134158.140:WARNING:angle_platform_impl.cc(48)] HLSLCompiler.cpp:257 (compileToBinary): 
C:\fakepath(165,1): warning X4000: use of potentially uninitialized variable (f_renderMipMapLevel)

[0221/134206.000:ERROR:shared_image_manager.cc(214)] SharedImageManager::ProduceSkia: Trying to Produce a Skia representation from a non-existent mailbox.
